0 info it worked if it ends with ok
1 verbose cli [ 'C:\\Program Files\\nodejs\\\\node.exe',
1 verbose cli   'C:\\Program Files\\nodejs\\node_modules\\npm\\bin\\npm-cli.js',
1 verbose cli   'login' ]
2 info using npm@1.4.28
3 info using node@v0.10.33
4 verbose node symlink C:\Program Files\nodejs\\node.exe
5 verbose adduser before first PUT { name: 'cayman',
5 verbose adduser   password: 'XXXXX',
5 verbose adduser   email: 'cayman@inbox.ru',
5 verbose adduser   _id: 'org.couchdb.user:cayman',
5 verbose adduser   type: 'user',
5 verbose adduser   roles: [],
5 verbose adduser   date: '2015-01-26T16:54:13.140Z' }
6 verbose request where is /-/user/org.couchdb.user:cayman
7 verbose request registry https://registry.npmjs.org/
8 verbose request id 94d295b6e34fdc08
9 verbose url raw /-/user/org.couchdb.user:cayman
10 verbose url resolving [ 'https://registry.npmjs.org/',
10 verbose url resolving   './-/user/org.couchdb.user:cayman' ]
11 verbose url resolved https://registry.npmjs.org/-/user/org.couchdb.user:cayman
12 verbose request where is https://registry.npmjs.org/-/user/org.couchdb.user:cayman
13 info trying registry request attempt 1 at 19:54:13
14 http PUT https://registry.npmjs.org/-/user/org.couchdb.user:cayman
15 http 409 https://registry.npmjs.org/-/user/org.couchdb.user:cayman
16 verbose headers { date: 'Mon, 26 Jan 2015 16:54:13 GMT',
16 verbose headers   server: 'CouchDB/1.5.0 (Erlang OTP/R16B03)',
16 verbose headers   'content-type': 'application/json',
16 verbose headers   'cache-control': 'max-age=60',
16 verbose headers   'content-length': '58',
16 verbose headers   'accept-ranges': 'bytes',
16 verbose headers   via: '1.1 varnish',
16 verbose headers   'x-served-by': 'cache-fra1231-FRA',
16 verbose headers   'x-cache': 'MISS',
16 verbose headers   'x-cache-hits': '0',
16 verbose headers   'x-timer': 'S1422291253.263492,VS0,VE167',
16 verbose headers   'keep-alive': 'timeout=10, max=50',
16 verbose headers   connection: 'Keep-Alive' }
17 verbose adduser update existing user
18 verbose request where is /-/user/org.couchdb.user:cayman?write=true
19 verbose request registry https://registry.npmjs.org/
20 verbose url raw /-/user/org.couchdb.user:cayman?write=true
21 verbose url resolving [ 'https://registry.npmjs.org/',
21 verbose url resolving   './-/user/org.couchdb.user:cayman?write=true' ]
22 verbose url resolved https://registry.npmjs.org/-/user/org.couchdb.user:cayman?write=true
23 verbose request where is https://registry.npmjs.org/-/user/org.couchdb.user:cayman?write=true
24 info trying registry request attempt 1 at 19:54:13
25 http GET https://registry.npmjs.org/-/user/org.couchdb.user:cayman?write=true
26 http 200 https://registry.npmjs.org/-/user/org.couchdb.user:cayman?write=true
27 verbose adduser userobj { name: 'cayman',
27 verbose adduser   password: 'XXXXX',
27 verbose adduser   email: 'cayman@inbox.ru',
27 verbose adduser   _id: 'org.couchdb.user:cayman',
27 verbose adduser   type: 'user',
27 verbose adduser   roles: [],
27 verbose adduser   date: '2015-01-26T16:54:13.140Z' }
28 verbose request where is /-/user/org.couchdb.user:cayman/-rev/4-cd4dc46900d98823ddec46c711cd6229
29 verbose request registry https://registry.npmjs.org/
30 verbose url raw /-/user/org.couchdb.user:cayman/-rev/4-cd4dc46900d98823ddec46c711cd6229
31 verbose url resolving [ 'https://registry.npmjs.org/',
31 verbose url resolving   './-/user/org.couchdb.user:cayman/-rev/4-cd4dc46900d98823ddec46c711cd6229' ]
32 verbose url resolved https://registry.npmjs.org/-/user/org.couchdb.user:cayman/-rev/4-cd4dc46900d98823ddec46c711cd6229
33 verbose request where is https://registry.npmjs.org/-/user/org.couchdb.user:cayman/-rev/4-cd4dc46900d98823ddec46c711cd6229
34 info trying registry request attempt 1 at 19:54:14
35 http PUT https://registry.npmjs.org/-/user/org.couchdb.user:cayman/-rev/4-cd4dc46900d98823ddec46c711cd6229
36 http 401 https://registry.npmjs.org/-/user/org.couchdb.user:cayman/-rev/4-cd4dc46900d98823ddec46c711cd6229
37 verbose headers { date: 'Mon, 26 Jan 2015 16:54:14 GMT',
37 verbose headers   server: 'CouchDB/1.5.0 (Erlang OTP/R16B03)',
37 verbose headers   'content-type': 'application/json',
37 verbose headers   'cache-control': 'max-age=60',
37 verbose headers   'content-length': '67',
37 verbose headers   'accept-ranges': 'bytes',
37 verbose headers   via: '1.1 varnish',
37 verbose headers   'x-served-by': 'cache-fra1241-FRA',
37 verbose headers   'x-cache': 'MISS',
37 verbose headers   'x-cache-hits': '0',
37 verbose headers   'x-timer': 'S1422291254.123597,VS0,VE700',
37 verbose headers   'keep-alive': 'timeout=10, max=50',
37 verbose headers   connection: 'Keep-Alive' }
38 verbose adduser back [ [Error: unauthorized Name or password is incorrect.: -/user/org.couchdb.user:cayman/-rev/4-cd4dc46900d98823ddec46c711cd6229],
38 verbose adduser   { error: 'unauthorized',
38 verbose adduser     reason: 'Name or password is incorrect.' },
38 verbose adduser   '{"error":"unauthorized","reason":"Name or password is incorrect."}' ]
39 warn adduser Incorrect username or password
39 warn adduser You can reset your account by visiting:
39 warn adduser
39 warn adduser     https://npmjs.org/forgot
40 error Error: unauthorized Name or password is incorrect.: -/user/org.couchdb.user:cayman/-rev/4-cd4dc46900d98823ddec46c711cd6229
40 error     at RegClient.<anonymous> (C:\Program Files\nodejs\node_modules\npm\node_modules\npm-registry-client\lib\request.js:308:14)
40 error     at Request._callback (C:\Program Files\nodejs\node_modules\npm\node_modules\npm-registry-client\lib\request.js:246:65)
40 error     at Request.self.callback (C:\Program Files\nodejs\node_modules\npm\node_modules\request\request.js:236:22)
40 error     at Request.emit (events.js:98:17)
40 error     at Request.<anonymous> (C:\Program Files\nodejs\node_modules\npm\node_modules\request\request.js:1142:14)
40 error     at Request.emit (events.js:117:20)
40 error     at IncomingMessage.<anonymous> (C:\Program Files\nodejs\node_modules\npm\node_modules\request\request.js:1096:12)
40 error     at IncomingMessage.emit (events.js:117:20)
40 error     at _stream_readable.js:943:16
40 error     at process._tickCallback (node.js:419:13)
41 error If you need help, you may report this *entire* log,
41 error including the npm and node versions, at:
41 error     <http://github.com/npm/npm/issues>
42 error System Windows_NT 6.2.9200
43 error command "C:\\Program Files\\nodejs\\\\node.exe" "C:\\Program Files\\nodejs\\node_modules\\npm\\bin\\npm-cli.js" "login"
44 error cwd C:\Project\rosreestr\cmp\generator-cmp
45 error node -v v0.10.33
46 error npm -v 1.4.28
47 verbose exit [ 1, true ]
